<?xml version="1.0" encoding="UTF-8"?>
<!-- Generated by org.testng.reporters.JUnitReportReporter -->
<testsuite hostname="DESKTOP-QI3TDOJ" name="org.testng.Task1" tests="3" failures="0" timestamp="25 Nov 2019 04:28:05 GMT" time="52.762" errors="0">
  <testcase name="tc2" time="6.814" classname="org.testng.Task1"/>
  <testcase name="tc2" time="7.275" classname="org.testng.Task1"/>
  <testcase name="tc2" time="38.673" classname="org.testng.Task1"/>
</testsuite> <!-- org.testng.Task1 -->
