<?xml version="1.0" encoding="UTF-8"?>
<!-- Generated by org.testng.reporters.JUnitReportReporter -->
<testsuite hostname="DESKTOP-QI3TDOJ" name="org.testng.test1" tests="3" failures="0" timestamp="25 Nov 2019 04:51:28 GMT" time="28.887" errors="0">
  <testcase name="send" time="22.949" classname="org.testng.test1"/>
  <testcase name="send" time="3.321" classname="org.testng.test1"/>
  <testcase name="send" time="2.617" classname="org.testng.test1"/>
</testsuite> <!-- org.testng.test1 -->
