<?xml version="1.0" encoding="UTF-8"?>
<!-- Generated by org.testng.reporters.JUnitReportReporter -->
<testsuite hostname="DESKTOP-QI3TDOJ" name="org.testng.Suiteexe2" tests="1" failures="0" timestamp="24 Nov 2019 16:48:02 GMT" time="27.420" errors="0">
  <testcase name="tc1" time="27.420" classname="org.testng.Suiteexe2"/>
</testsuite> <!-- org.testng.Suiteexe2 -->
