<?xml version="1.0" encoding="UTF-8"?>
<!-- Generated by org.testng.reporters.JUnitReportReporter -->
<testsuite hostname="DESKTOP-QI3TDOJ" name="A" tests="2" failures="0" timestamp="24 Nov 2019 15:11:44 GMT" time="66.303" errors="0">
  <testcase name="tc1" time="18.125" classname="A"/>
  <testcase name="tc2" time="48.178" classname="A"/>
</testsuite> <!-- A -->
