<?xml version="1.0" encoding="UTF-8"?>
<!-- Generated by org.testng.reporters.JUnitReportReporter -->
<testsuite hostname="DESKTOP-QI3TDOJ" name="org.testng.Execut1" tests="2" failures="0" timestamp="24 Nov 2019 15:58:00 GMT" time="62.192" errors="0">
  <testcase name="send" time="16.709" classname="org.testng.Execut1"/>
  <testcase name="resend" time="45.483" classname="org.testng.Execut1"/>
</testsuite> <!-- org.testng.Execut1 -->
